2021-11-18 18:59:56,266:INFO:PyCaret Supervised Module
2021-11-18 18:59:56,266:INFO:ML Usecase: classification
2021-11-18 18:59:56,266:INFO:version 2.3.4
2021-11-18 18:59:56,267:INFO:Initializing setup()
2021-11-18 18:59:56,267:INFO:setup(target=Class variable, ml_usecase=classification, available_plots={'parameter': 'Hyperparameters', 'auc': 'AUC', 'confusion_matrix': 'Confusion Matrix', 'threshold': 'Threshold', 'pr': 'Precision Recall', 'error': 'Prediction Error', 'class_report': 'Class Report', 'rfe': 'Feature Selection', 'learning': 'Learning Curve', 'manifold': 'Manifold Learning', 'calibration': 'Calibration Curve', 'vc': 'Validation Curve', 'dimension': 'Dimensions', 'feature': 'Feature Importance', 'feature_all': 'Feature Importance (All)', 'boundary': 'Decision Boundary', 'lift': 'Lift Chart', 'gain': 'Gain Chart', 'tree': 'Decision Tree', 'ks': 'KS Statistic Plot'}, train_size=0.7, test_data=None, preprocess=True, imputation_type=simple, iterative_imputation_iters=5, categorical_features=None, categorical_imputation=constant, categorical_iterative_imputer=lightgbm, ordinal_features=None, high_cardinality_features=None, high_cardinality_method=frequency, numeric_features=None, numeric_imputation=mean, numeric_iterative_imputer=lightgbm, date_features=None, ignore_features=None, normalize=False, normalize_method=zscore, transformation=False, transformation_method=yeo-johnson, handle_unknown_categorical=True, unknown_categorical_method=least_frequent, pca=False, pca_method=linear, pca_components=None, ignore_low_variance=False, combine_rare_levels=False, rare_level_threshold=0.1, bin_numeric_features=None, remove_outliers=False, outliers_threshold=0.05, remove_multicollinearity=False, multicollinearity_threshold=0.9, remove_perfect_collinearity=True, create_clusters=False, cluster_iter=20, polynomial_features=False, polynomial_degree=2, trigonometry_features=False, polynomial_threshold=0.1, group_features=None, group_names=None, feature_selection=False, feature_selection_threshold=0.8, feature_selection_method=classic, feature_interaction=False, feature_ratio=False, interaction_threshold=0.01, fix_imbalance=False, fix_imbalance_method=None, transform_target=False, transform_target_method=box-cox, data_split_shuffle=True, data_split_stratify=False, fold_strategy=stratifiedkfold, fold=10, fold_shuffle=False, fold_groups=None, n_jobs=-1, use_gpu=False, custom_pipeline=None, html=True, session_id=None, log_experiment=False, experiment_name=None, log_plots=False, log_profile=False, log_data=False, silent=False, verbose=True, profile=False, profile_kwargs=None, display=None)
2021-11-18 18:59:56,267:INFO:Checking environment
2021-11-18 18:59:56,267:INFO:python_version: 3.7.10
2021-11-18 18:59:56,267:INFO:python_build: ('default', 'Feb 26 2021 13:06:18')
2021-11-18 18:59:56,267:INFO:machine: AMD64
2021-11-18 18:59:56,268:INFO:platform: Windows-10-10.0.22000-SP0
2021-11-18 18:59:56,268:INFO:Memory: svmem(total=16951963648, available=8632193024, percent=49.1, used=8319770624, free=8632193024)
2021-11-18 18:59:56,269:INFO:Physical Core: 4
2021-11-18 18:59:56,269:INFO:Logical Core: 8
2021-11-18 18:59:56,269:INFO:Checking libraries
2021-11-18 18:59:56,269:INFO:pd==1.2.3
2021-11-18 18:59:56,269:INFO:numpy==1.19.5
2021-11-18 18:59:56,269:INFO:sklearn==0.23.2
2021-11-18 18:59:56,269:INFO:lightgbm==3.2.1
2021-11-18 18:59:56,270:WARNING:catboost not found
2021-11-18 19:00:04,401:INFO:xgboost==1.4.0
2021-11-18 19:00:04,950:INFO:mlflow==1.21.0
2021-11-18 19:00:04,951:INFO:Checking Exceptions
2021-11-18 19:00:04,951:INFO:Declaring global variables
2021-11-18 19:00:04,951:INFO:USI: 502f
2021-11-18 19:00:04,952:INFO:pycaret_globals: {'fold_shuffle_param', 'log_plots_param', '_gpu_n_jobs_param', 'iterative_imputation_iters_param', '_internal_pipeline', 'fold_param', 'imputation_regressor', 'create_model_container', 'fold_groups_param_full', 'gpu_param', '_all_models', 'master_model_container', 'imputation_classifier', 'display_container', 'n_jobs_param', '_all_metrics', 'html_param', 'prep_pipe', 'X', 'USI', 'seed', 'X_test', 'data_before_preprocess', 'fold_groups_param', 'fold_generator', 'fix_imbalance_method_param', 'fix_imbalance_param', 'X_train', 'transform_target_param', 'logging_param', 'y', 'exp_name_log', '_ml_usecase', 'y_test', 'transform_target_method_param', 'target_param', 'experiment__', 'y_train', '_all_models_internal', 'stratify_param', '_available_plots', 'pycaret_globals'}
2021-11-18 19:00:04,952:INFO:Preparing display monitor
2021-11-18 19:00:04,952:INFO:Preparing display monitor
2021-11-18 19:00:04,967:INFO:Importing libraries
2021-11-18 19:00:04,968:INFO:Copying data for preprocessing
2021-11-18 19:00:04,976:INFO:Declaring preprocessing parameters
2021-11-18 19:00:04,977:INFO:Creating preprocessing pipeline
2021-11-18 19:00:04,989:INFO:Preprocessing pipeline created successfully
2021-11-18 19:00:04,989:ERROR:(Process Exit): setup has been interupted with user command 'quit'. setup must rerun.
2021-11-18 19:00:04,989:INFO:Creating global containers
2021-11-18 19:00:04,991:INFO:Internal pipeline: Pipeline(memory=None, steps=[('empty_step', 'passthrough')], verbose=False)
2021-11-18 19:00:11,481:WARNING:Couldn't import catboost.CatBoostClassifier
2021-11-18 19:00:11,569:WARNING:Couldn't import catboost.CatBoostClassifier
2021-11-18 19:00:11,569:INFO:Creating grid variables
2021-11-18 19:00:11,588:INFO:create_model_container: 0
2021-11-18 19:00:11,589:INFO:master_model_container: 0
2021-11-18 19:00:11,589:INFO:display_container: 1
2021-11-18 19:00:11,593:INFO:Pipeline(memory=None,
         steps=[('dtypes',
                 DataTypes_Auto_infer(categorical_features=[],
                                      display_types=True, features_todrop=[],
                                      id_columns=[],
                                      ml_usecase='classification',
                                      numerical_features=[],
                                      target='Class variable',
                                      time_features=[])),
                ('imputer',
                 Simple_Imputer(categorical_strategy='not_available',
                                fill_value_categorical=None,
                                fill_value_numerical=None,
                                numeri...
                ('scaling', 'passthrough'), ('P_transform', 'passthrough'),
                ('binn', 'passthrough'), ('rem_outliers', 'passthrough'),
                ('cluster_all', 'passthrough'),
                ('dummy', Dummify(target='Class variable')),
                ('fix_perfect', Remove_100(target='Class variable')),
                ('clean_names', Clean_Colum_Names()),
                ('feature_select', 'passthrough'), ('fix_multi', 'passthrough'),
                ('dfs', 'passthrough'), ('pca', 'passthrough')],
         verbose=False)
2021-11-18 19:00:11,594:INFO:setup() succesfully completed......................................
2021-11-18 19:01:10,112:INFO:Initializing compare_models()
2021-11-18 19:01:10,112:INFO:compare_models(include=None, fold=None, round=4, cross_validation=True, sort=Accuracy, n_select=1, budget_time=None, turbo=True, errors=ignore, fit_kwargs=None, groups=None, verbose=True, display=None, exclude=None)
2021-11-18 19:01:10,113:INFO:Checking exceptions
2021-11-18 19:01:10,115:INFO:Preparing display monitor
2021-11-18 19:01:10,115:INFO:Preparing display monitor
2021-11-18 19:01:10,188:INFO:Initializing Logistic Regression
2021-11-18 19:01:10,189:INFO:Total runtime is 7.4267387390136715e-06 minutes
2021-11-18 19:01:10,215:INFO:SubProcess create_model() called ==================================
2021-11-18 19:01:10,216:INFO:Initializing create_model()
2021-11-18 19:01:10,216:INFO:create_model(estimator=lr, fold=StratifiedKFold(n_splits=10, random_state=None, shuffle=False), round=4, cross_validation=True, predict=True, fit_kwargs={}, groups=None, refit=False, verbose=False, system=False, metrics=None, add_to_model_list=True, display=<pycaret.internal.Display.Display object at 0x0000024179DD5708>, kwargs={})
2021-11-18 19:01:10,216:INFO:Checking exceptions
2021-11-18 19:01:10,217:INFO:Importing libraries
2021-11-18 19:01:10,217:INFO:Copying training dataset
2021-11-18 19:01:10,219:INFO:Defining folds
2021-11-18 19:01:10,219:INFO:Declaring metric variables
2021-11-18 19:01:10,244:INFO:Importing untrained model
2021-11-18 19:01:10,270:INFO:Logistic Regression Imported succesfully
2021-11-18 19:01:10,313:INFO:Starting cross validation
2021-11-18 19:01:10,314:INFO:Cross validating with StratifiedKFold(n_splits=10, random_state=None, shuffle=False), n_jobs=-1
